Build started 2/24/2013 5:37:12 PM.
     1>Project "D:\Nathan's Stuff\Dropbox\School\cs184\raytracer2\raytracer\raytracer.vcxproj" on node 2 (Build target(s)).
     1>ClCompile:
         D:\Program Files (x86)\Microsoft Visual Studio 11.0\VC\bin\CL.exe /c /I"D:\Nathan's Stuff\Dropbox\School\cs184\raytracer2\raytracer\/FreeImage" /ZI /nologo /W3 /WX- /Od /Oy- /D _MBCS /Gm /EHsc /RTC1 /MDd /GS /fp:precise /Zc:wchar_t /Zc:forScope /Fo"Debug\\" /Fd"Debug\vc110.pdb" /Gd /TP /analyze- /errorReport:prompt "..\..\..\..\..\..\Nathan's Stuff\Dropbox\School\cs184\raytracer2\raytracer\Intersection.cpp" "..\..\..\..\..\..\Nathan's Stuff\Dropbox\School\cs184\raytracer2\raytracer\Sphere.cpp" Primitive.cpp
         Primitive.cpp
         Sphere.cpp
         Intersection.cpp
         Generating Code...
       Link:
         D:\Program Files (x86)\Microsoft Visual Studio 11.0\VC\bin\link.exe /ERRORREPORT:PROMPT /OUT:"D:\Nathan's Stuff\Dropbox\School\cs184\raytracer2\raytracer\Debug\raytracer.exe" /INCREMENTAL /NOLOGO /LIBPATH:"D:\Nathan's Stuff\Dropbox\School\cs184\raytracer2\raytracer\/FreeImage" kernel32.lib user32.lib gdi32.lib winspool.lib comdlg32.lib advapi32.lib shell32.lib ole32.lib oleaut32.lib uuid.lib odbc32.lib odbccp32.lib kernel32.lib user32.lib gdi32.lib winspool.lib comdlg32.lib advapi32.lib shell32.lib ole32.lib oleaut32.lib uuid.lib odbc32.lib odbccp32.lib FreeImage.lib /MANIFEST /MANIFESTUAC:"level='asInvoker' uiAccess='false'" /manifest:embed /DEBUG /PDB:"D:\Nathan's Stuff\Dropbox\School\cs184\raytracer2\raytracer\Debug\raytracer.pdb" /TLBID:1 /DYNAMICBASE /NXCOMPAT /IMPLIB:"D:\Nathan's Stuff\Dropbox\School\cs184\raytracer2\raytracer\Debug\raytracer.lib" /MACHINE:X86 Debug\BRDF.obj
         Debug\Intersection.obj
         Debug\LocalGeo.obj
         Debug\Normal.obj
         Debug\Ray.obj
         Debug\Primitive.obj
         Debug\Sphere.obj
         Debug\Vector.obj
         Debug\Color.obj
         Debug\Film.obj
         Debug\Point.obj
         Debug\Sample.obj
         Debug\Sampler.obj
         Debug\Scene.obj
         raytracer.vcxproj -> D:\Nathan's Stuff\Dropbox\School\cs184\raytracer2\raytracer\Debug\raytracer.exe
     1>Done Building Project "D:\Nathan's Stuff\Dropbox\School\cs184\raytracer2\raytracer\raytracer.vcxproj" (Build target(s)).

Build succeeded.

Time Elapsed 00:00:00.48
